This is pdfTeX, Version 3.14159265-2.6-1.40.21 (TeX Live 2020) (preloaded format=pdflatex 2020.4.7)  27 FEB 2021 01:07
entering extended mode
 restricted \write18 enabled.
 %&-line parsing enabled.
**stat4352_mathematical_statistics_notes.tex
(./stat4352_mathematical_statistics_notes.tex
LaTeX2e <2020-02-02> patch level 5
L3 programming layer <2020-03-06>
(/usr/local/texlive/2020/texmf-dist/tex/latex/base/article.cls
Document Class: article 2019/12/20 v1.4l Standard LaTeX document class
(/usr/local/texlive/2020/texmf-dist/tex/latex/base/size10.clo
File: size10.clo 2019/12/20 v1.4l Standard LaTeX file (size option)
)
\c@part=\count167
\c@section=\count168
\c@subsection=\count169
\c@subsubsection=\count170
\c@paragraph=\count171
\c@subparagraph=\count172
\c@figure=\count173
\c@table=\count174
\abovecaptionskip=\skip47
\belowcaptionskip=\skip48
\bibindent=\dimen134
)
(/usr/local/texlive/2020/texmf-dist/tex/latex/geometry/geometry.sty
Package: geometry 2020/01/02 v5.9 Page Geometry

(/usr/local/texlive/2020/texmf-dist/tex/latex/graphics/keyval.sty
Package: keyval 2014/10/28 v1.15 key=value parser (DPC)
\KV@toks@=\toks15
)
(/usr/local/texlive/2020/texmf-dist/tex/generic/iftex/ifvtex.sty
Package: ifvtex 2019/10/25 v1.7 ifvtex legacy package. Use iftex instead.

(/usr/local/texlive/2020/texmf-dist/tex/generic/iftex/iftex.sty
Package: iftex 2020/03/06 v1.0d TeX engine tests
))
\Gm@cnth=\count175
\Gm@cntv=\count176
\c@Gm@tempcnt=\count177
\Gm@bindingoffset=\dimen135
\Gm@wd@mp=\dimen136
\Gm@odd@mp=\dimen137
\Gm@even@mp=\dimen138
\Gm@layoutwidth=\dimen139
\Gm@layoutheight=\dimen140
\Gm@layouthoffset=\dimen141
\Gm@layoutvoffset=\dimen142
\Gm@dimlist=\toks16
)
(/usr/local/texlive/2020/texmf-dist/tex/latex/physics/physics.sty
Package: physics 

(/usr/local/texlive/2020/texmf-dist/tex/latex/l3packages/xparse/xparse.sty
(/usr/local/texlive/2020/texmf-dist/tex/latex/l3kernel/expl3.sty
Package: expl3 2020-03-06 L3 programming layer (loader) 

(/usr/local/texlive/2020/texmf-dist/tex/latex/l3backend/l3backend-pdfmode.def
File: l3backend-pdfmode.def 2020-03-12 L3 backend support: PDF mode
\l__kernel_color_stack_int=\count178
\l__pdf_internal_box=\box45
))
Package: xparse 2020-03-06 L3 Experimental document command parser
\l__xparse_current_arg_int=\count179
\g__xparse_grabber_int=\count180
\l__xparse_m_args_int=\count181
\l__xparse_v_nesting_int=\count182
) (/usr/local/texlive/2020/texmf-dist/tex/latex/amsmath/amsmath.sty
Package: amsmath 2020/01/20 v2.17e AMS math features
\@mathmargin=\skip49

For additional information on amsmath, use the `?' option.
(/usr/local/texlive/2020/texmf-dist/tex/latex/amsmath/amstext.sty
Package: amstext 2000/06/29 v2.01 AMS text

(/usr/local/texlive/2020/texmf-dist/tex/latex/amsmath/amsgen.sty
File: amsgen.sty 1999/11/30 v2.0 generic functions
\@emptytoks=\toks17
\ex@=\dimen143
))
(/usr/local/texlive/2020/texmf-dist/tex/latex/amsmath/amsbsy.sty
Package: amsbsy 1999/11/29 v1.2d Bold Symbols
\pmbraise@=\dimen144
)
(/usr/local/texlive/2020/texmf-dist/tex/latex/amsmath/amsopn.sty
Package: amsopn 2016/03/08 v2.02 operator names
)
\inf@bad=\count183
LaTeX Info: Redefining \frac on input line 227.
\uproot@=\count184
\leftroot@=\count185
LaTeX Info: Redefining \overline on input line 389.
\classnum@=\count186
\DOTSCASE@=\count187
LaTeX Info: Redefining \ldots on input line 486.
LaTeX Info: Redefining \dots on input line 489.
LaTeX Info: Redefining \cdots on input line 610.
\Mathstrutbox@=\box46
\strutbox@=\box47
\big@size=\dimen145
LaTeX Font Info:    Redeclaring font encoding OML on input line 733.
LaTeX Font Info:    Redeclaring font encoding OMS on input line 734.
\macc@depth=\count188
\c@MaxMatrixCols=\count189
\dotsspace@=\muskip16
\c@parentequation=\count190
\dspbrk@lvl=\count191
\tag@help=\toks18
\row@=\count192
\column@=\count193
\maxfields@=\count194
\andhelp@=\toks19
\eqnshift@=\dimen146
\alignsep@=\dimen147
\tagshift@=\dimen148
\tagwidth@=\dimen149
\totwidth@=\dimen150
\lineht@=\dimen151
\@envbody=\toks20
\multlinegap=\skip50
\multlinetaggap=\skip51
\mathdisplay@stack=\toks21
LaTeX Info: Redefining \[ on input line 2859.
LaTeX Info: Redefining \] on input line 2860.
))
(/usr/local/texlive/2020/texmf-dist/tex/latex/oberdiek/centernot.sty
Package: centernot 2016/05/16 v1.4 Centers the not symbol horizontally (HO)
)
(/usr/local/texlive/2020/texmf-dist/tex/latex/soul/soul.sty
Package: soul 2003/11/17 v2.4 letterspacing/underlining (mf)
\SOUL@word=\toks22
\SOUL@lasttoken=\toks23
\SOUL@cmds=\toks24
\SOUL@buffer=\toks25
\SOUL@token=\toks26
\SOUL@spaceskip=\skip52
\SOUL@ttwidth=\dimen152
\SOUL@uldp=\dimen153
\SOUL@ulht=\dimen154
)
(./stat4352_mathematical_statistics_notes.aux)
\openout1 = `stat4352_mathematical_statistics_notes.aux'.

LaTeX Font Info:    Checking defaults for OML/cmm/m/it on input line 13.
LaTeX Font Info:    ... okay on input line 13.
LaTeX Font Info:    Checking defaults for OMS/cmsy/m/n on input line 13.
LaTeX Font Info:    ... okay on input line 13.
LaTeX Font Info:    Checking defaults for OT1/cmr/m/n on input line 13.
LaTeX Font Info:    ... okay on input line 13.
LaTeX Font Info:    Checking defaults for T1/cmr/m/n on input line 13.
LaTeX Font Info:    ... okay on input line 13.
LaTeX Font Info:    Checking defaults for TS1/cmr/m/n on input line 13.
LaTeX Font Info:    ... okay on input line 13.
LaTeX Font Info:    Checking defaults for OMX/cmex/m/n on input line 13.
LaTeX Font Info:    ... okay on input line 13.
LaTeX Font Info:    Checking defaults for U/cmr/m/n on input line 13.
LaTeX Font Info:    ... okay on input line 13.

*geometry* driver: auto-detecting
*geometry* detected driver: pdftex
*geometry* verbose mode - [ preamble ] result:
* driver: pdftex
* paper: <default>
* layout: <same size as paper>
* layoutoffset:(h,v)=(0.0pt,0.0pt)
* modes: 
* h-part:(L,W,R)=(36.135pt, 542.02501pt, 36.135pt)
* v-part:(T,H,B)=(36.135pt, 722.7pt, 36.135pt)
* \paperwidth=614.295pt
* \paperheight=794.96999pt
* \textwidth=542.02501pt
* \textheight=722.7pt
* \oddsidemargin=-36.135pt
* \evensidemargin=-36.135pt
* \topmargin=-73.135pt
* \headheight=12.0pt
* \headsep=25.0pt
* \topskip=10.0pt
* \footskip=30.0pt
* \marginparwidth=65.0pt
* \marginparsep=11.0pt
* \columnsep=10.0pt
* \skip\footins=9.0pt plus 4.0pt minus 2.0pt
* \hoffset=0.0pt
* \voffset=0.0pt
* \mag=1000
* \@twocolumnfalse
* \@twosidefalse
* \@mparswitchfalse
* \@reversemarginfalse
* (1in=72.27pt=25.4mm, 1cm=28.453pt)

[1

{/usr/local/texlive/2020/texmf-var/fonts/map/pdftex/updmap/pdftex.map}]
Underfull \hbox (badness 10000) in paragraph at lines 20--40

 []


Underfull \hbox (badness 10000) in paragraph at lines 20--40

 []


Underfull \hbox (badness 10000) in paragraph at lines 20--40

 []


Underfull \hbox (badness 10000) in paragraph at lines 20--40

 []


Underfull \hbox (badness 10000) in paragraph at lines 20--40

 []


Underfull \hbox (badness 10000) in paragraph at lines 40--44

 []

[2]
Underfull \hbox (badness 10000) in paragraph at lines 56--107

 []


Underfull \hbox (badness 10000) in paragraph at lines 56--107

 []


Underfull \hbox (badness 10000) in paragraph at lines 56--107

 []


Underfull \hbox (badness 10000) in paragraph at lines 56--107

 []


Underfull \hbox (badness 10000) in paragraph at lines 56--107

 []


Underfull \hbox (badness 10000) in paragraph at lines 56--107

 []


Underfull \hbox (badness 10000) in paragraph at lines 56--107

 []


Underfull \hbox (badness 10000) in paragraph at lines 56--107

 []


Underfull \hbox (badness 10000) in paragraph at lines 56--107

 []


Underfull \hbox (badness 10000) in paragraph at lines 56--107

 []


Underfull \hbox (badness 10000) in paragraph at lines 56--107

 []


Underfull \hbox (badness 10000) in paragraph at lines 56--107

 []


Underfull \hbox (badness 10000) in paragraph at lines 56--107

 []


Underfull \hbox (badness 10000) in paragraph at lines 56--107

 []


Underfull \hbox (badness 10000) in paragraph at lines 56--107

 []


Underfull \hbox (badness 10000) in paragraph at lines 56--107

 []


Underfull \hbox (badness 10000) in paragraph at lines 56--107

 []


Underfull \hbox (badness 10000) in paragraph at lines 56--107

 []

[3]
Underfull \hbox (badness 10000) in paragraph at lines 107--119

 []


Underfull \hbox (badness 10000) in paragraph at lines 107--119

 []


Underfull \hbox (badness 10000) in paragraph at lines 124--142

 []


Underfull \hbox (badness 10000) in paragraph at lines 124--142

 []


Underfull \hbox (badness 10000) in paragraph at lines 124--142

 []


Underfull \hbox (badness 10000) in paragraph at lines 124--142

 []


Underfull \hbox (badness 10000) in paragraph at lines 124--142

 []


Underfull \hbox (badness 10000) in paragraph at lines 124--142

 []


Underfull \hbox (badness 10000) in paragraph at lines 124--142

 []


Underfull \hbox (badness 10000) in paragraph at lines 124--142

 []

[4]
Underfull \hbox (badness 10000) in paragraph at lines 146--149

 []


LaTeX Font Warning: Command \Large invalid in math mode on input line 149.


Underfull \hbox (badness 10000) in paragraph at lines 149--163

 []


Underfull \hbox (badness 10000) in paragraph at lines 149--163

 []

[5]
Underfull \hbox (badness 10000) in paragraph at lines 170--171

 []


Underfull \hbox (badness 10000) in paragraph at lines 172--193

 []


Underfull \hbox (badness 10000) in paragraph at lines 172--193

 []


Underfull \hbox (badness 10000) in paragraph at lines 172--193

 []


Underfull \hbox (badness 10000) in paragraph at lines 172--193

 []


Underfull \hbox (badness 10000) in paragraph at lines 172--193

 []


Underfull \hbox (badness 10000) in paragraph at lines 172--193

 []


Underfull \hbox (badness 10000) in paragraph at lines 172--193

 []


Underfull \hbox (badness 10000) in paragraph at lines 172--193

 []

[6]
Underfull \hbox (badness 10000) in paragraph at lines 206--223

 []


Underfull \hbox (badness 10000) in paragraph at lines 206--223

 []


Underfull \hbox (badness 10000) in paragraph at lines 206--223

 []


Underfull \hbox (badness 10000) in paragraph at lines 206--223

 []


Underfull \hbox (badness 10000) in paragraph at lines 227--228

 []

[7] [8]
Underfull \hbox (badness 10000) in paragraph at lines 256--266

 []


Underfull \hbox (badness 10000) in paragraph at lines 256--266

 []


Underfull \hbox (badness 10000) in paragraph at lines 283--287

 []

[9]
Underfull \hbox (badness 10000) in paragraph at lines 289--303

 []


Underfull \hbox (badness 10000) in paragraph at lines 289--303

 []


Underfull \hbox (badness 10000) in paragraph at lines 289--303

 []


Underfull \hbox (badness 10000) in paragraph at lines 289--303

 []


Underfull \hbox (badness 10000) in paragraph at lines 303--308

 []


Underfull \hbox (badness 10000) in paragraph at lines 312--317

 []


Underfull \hbox (badness 10000) in paragraph at lines 319--322

 []

[10]
Underfull \hbox (badness 10000) in paragraph at lines 328--331

 []


Underfull \hbox (badness 10000) in paragraph at lines 337--340

 []

[11] [12] (./stat4352_mathematical_statistics_notes.aux) ) 
Here is how much of TeX's memory you used:
 2717 strings out of 480608
 41284 string characters out of 5903631
 301710 words of memory out of 5000000
 18624 multiletter control sequences out of 15000+600000
 539995 words of font info for 50 fonts, out of 8000000 for 9000
 1141 hyphenation exceptions out of 8191
 44i,8n,40p,412b,254s stack positions out of 5000i,500n,10000p,200000b,80000s
{/usr/local/texlive/2
020/texmf-dist/fonts/enc/dvips/cm-super/cm-super-ts1.enc}</usr/local/texlive/20
20/texmf-dist/fonts/type1/public/amsfonts/cm/cmbx12.pfb></usr/local/texlive/202
0/texmf-dist/fonts/type1/public/amsfonts/cm/cmbxti10.pfb></usr/local/texlive/20
20/texmf-dist/fonts/type1/public/amsfonts/cm/cmex10.pfb></usr/local/texlive/202
0/texmf-dist/fonts/type1/public/amsfonts/cm/cmmi10.pfb></usr/local/texlive/2020
/texmf-dist/fonts/type1/public/amsfonts/cm/cmmi12.pfb></usr/local/texlive/2020/
texmf-dist/fonts/type1/public/amsfonts/cm/cmr10.pfb></usr/local/texlive/2020/te
xmf-dist/fonts/type1/public/amsfonts/cm/cmr12.pfb></usr/local/texlive/2020/texm
f-dist/fonts/type1/public/amsfonts/cm/cmr17.pfb></usr/local/texlive/2020/texmf-
dist/fonts/type1/public/amsfonts/cm/cmsy10.pfb></usr/local/texlive/2020/texmf-d
ist/fonts/type1/public/amsfonts/cm/cmti12.pfb></usr/local/texlive/2020/texmf-di
st/fonts/type1/public/cm-super/sfrm1440.pfb>
Output written on stat4352_mathematical_statistics_notes.pdf (12 pages, 163841 
bytes).
PDF statistics:
 88 PDF objects out of 1000 (max. 8388607)
 62 compressed objects within 1 object stream
 0 named destinations out of 1000 (max. 500000)
 1 words of extra memory for PDF output out of 10000 (max. 10000000)

